<?xml version="1.0" encoding="UTF-8"?>
<testng-results skipped="0" failed="0" ignored="0" total="1" passed="1">
  <reporter-output>
  </reporter-output>
  <suite name="Default suite" duration-ms="67" started-at="2019-12-17T21:43:44 IST" finished-at="2019-12-17T21:43:44 IST">
    <groups>
    </groups>
    <test name="Default test" duration-ms="67" started-at="2019-12-17T21:43:44 IST" finished-at="2019-12-17T21:43:44 IST">
      <class name="Mytest.test">
        <test-method status="PASS" signature="fff()[pri:0, instance:Mytest.test@3327bd23]" name="fff" duration-ms="12" started-at="2019-12-17T21:43:44 IST" finished-at="2019-12-17T21:43:44 IST">
          <reporter-output>
          </reporter-output>
        </test-method> <!-- fff -->
      </class> <!-- Mytest.test -->
    </test> <!-- Default test -->
  </suite> <!-- Default suite -->
</testng-results>
